<?xml version="1.0" encoding="UTF-8"?>
<!-- Generated by org.testng.reporters.JUnitReportReporter -->
<testsuite skipped="0" hostname="MININT-8KG8D50" name="com.demo.test.testcases.login.NewTest" tests="1" failures="0" timestamp="05 三月 2018 09:45:33 GMT" time="3.454" errors="0">
  <testcase name="f" time="3.454" classname="com.demo.test.testcases.login.NewTest"/>
</testsuite> <!-- com.demo.test.testcases.login.NewTest -->
